SUMMARY OF C0NVERGENCE INFORMATION
  STEP   INC  ATT   ITER     CONT.   RESID.        CORR.      RESID.      CORR.
                              EL.    FORCE         DISP       FLUX        TEMP.
                              (#)     (%)           (%)        (%)         (%)
     1     1     1     1        0  0.0000E+00  0.1000E-29  0.0000E+00  0.0000E+00
     1     1     1     2        0  0.0000E+00  0.1000E-29  0.0000E+00  0.0000E+00
     1     2     1     1        0  0.0000E+00  0.1000E-29  0.0000E+00  0.0000E+00
     1     2     1     2        0  0.0000E+00  0.1000E-29  0.0000E+00  0.0000E+00
     1     3     1     1        0  0.0000E+00  0.1000E-29  0.0000E+00  0.0000E+00
     1     3     1     2        0  0.0000E+00  0.1000E-29  0.0000E+00  0.0000E+00
     1     4     1     1        0  0.0000E+00  0.1000E-29  0.0000E+00  0.0000E+00
     1     4     1     2        0  0.0000E+00  0.1000E-29  0.0000E+00  0.0000E+00
     1     5     1     1        0  0.0000E+00  0.1000E-29  0.0000E+00  0.0000E+00
     1     5     1     2        0  0.0000E+00  0.1000E-29  0.0000E+00  0.0000E+00
     1     6     1     1        0  0.0000E+00  0.1000E-29  0.0000E+00  0.0000E+00
     1     6     1     2        0  0.0000E+00  0.1000E-29  0.0000E+00  0.0000E+00
     1     7     1     1        0  0.0000E+00  0.1000E-29  0.0000E+00  0.0000E+00
     1     7     1     2        0  0.0000E+00  0.1000E-29  0.0000E+00  0.0000E+00
     1     8     1     1        0  0.0000E+00  0.1000E-29  0.0000E+00  0.0000E+00
     1     8     1     2        0  0.0000E+00  0.1000E-29  0.0000E+00  0.0000E+00
     1     9     1     1        0  0.0000E+00  0.1000E-29  0.0000E+00  0.0000E+00
     1     9     1     2        0  0.0000E+00  0.1000E-29  0.0000E+00  0.0000E+00
     1    10     1     1        0  0.0000E+00  0.1000E-29  0.0000E+00  0.0000E+00
     1    10     1     2        0  0.0000E+00  0.1000E-29  0.0000E+00  0.0000E+00
     1    11     1     1        0  0.0000E+00  0.1000E-29  0.0000E+00  0.0000E+00
     1    11     1     2        0  0.0000E+00  0.1000E-29  0.0000E+00  0.0000E+00
     1    12     1     1        0  0.0000E+00  0.1000E-29  0.0000E+00  0.0000E+00
     1    12     1     2        0  0.0000E+00  0.1000E-29  0.0000E+00  0.0000E+00
     1    13     1     1        0  0.0000E+00  0.1000E-29  0.0000E+00  0.0000E+00
     1    13     1     2        0  0.0000E+00  0.1000E-29  0.0000E+00  0.0000E+00
     1    14     1     1        0  0.0000E+00  0.1000E-29  0.0000E+00  0.0000E+00
     1    14     1     2        0  0.0000E+00  0.1000E-29  0.0000E+00  0.0000E+00
     1    15     1     1        0  0.0000E+00  0.1000E-29  0.0000E+00  0.0000E+00
     1    15     1     2        0  0.0000E+00  0.1000E-29  0.0000E+00  0.0000E+00
